2024-11-12 13:08:57 [INFO]: GET request received for creating a roulette game
2024-11-12 13:08:57 [INFO]: Payload constructed successfully: %o
2024-11-12 13:08:57 [INFO]: GET request received for creating a roulette game
2024-11-12 13:08:57 [INFO]: Payload constructed successfully: %o
2024-11-12 13:09:28 [INFO]: GET request received for creating a roulette game
2024-11-12 13:09:28 [INFO]: Payload constructed successfully: %o
2024-11-12 13:09:28 [INFO]: GET request received for creating a roulette game
2024-11-12 13:09:28 [INFO]: Payload constructed successfully: %o
2024-11-12 13:17:45 [INFO]: GET request received for creating a roulette game
2024-11-12 13:17:45 [INFO]: Payload constructed successfully: %o
2024-11-12 13:17:46 [INFO]: GET request received for creating a roulette game
2024-11-12 13:17:46 [INFO]: Payload constructed successfully: %o
2024-11-12 13:18:07 [INFO]: GET request received for creating a roulette game
2024-11-12 13:18:07 [INFO]: Payload constructed successfully: %o
2024-11-12 13:18:07 [INFO]: GET request received for creating a roulette game
2024-11-12 13:18:07 [INFO]: Payload constructed successfully: %o
2024-11-12 13:20:14 [INFO]: GET request received for creating a roulette game
2024-11-12 13:20:14 [INFO]: Payload constructed successfully: %o
2024-11-12 13:20:14 [INFO]: GET request received for creating a roulette game
2024-11-12 13:20:14 [INFO]: Payload constructed successfully: %o
2024-11-12 13:20:45 [INFO]: GET request received for creating a roulette game
2024-11-12 13:20:45 [INFO]: Payload constructed successfully: %o
2024-11-12 13:20:45 [INFO]: GET request received for creating a roulette game
2024-11-12 13:20:45 [INFO]: Payload constructed successfully: %o
2024-11-12 13:21:23 [INFO]: GET request received for creating a roulette game
2024-11-12 13:21:23 [INFO]: Payload constructed successfully: %o
2024-11-12 13:22:20 [INFO]: GET request received for creating a roulette game
2024-11-12 13:22:20 [INFO]: Payload constructed successfully: %o
2024-11-12 13:22:20 [INFO]: GET request received for creating a roulette game
2024-11-12 13:22:20 [INFO]: Payload constructed successfully: %o
2024-11-12 13:22:38 [INFO]: GET request received for creating a roulette game
2024-11-12 13:22:38 [INFO]: Payload constructed successfully: %o
2024-11-12 13:22:38 [INFO]: GET request received for creating a roulette game
2024-11-12 13:22:38 [INFO]: Payload constructed successfully: %o
2024-11-12 14:06:27 [INFO]: GET request received for creating a roulette game
2024-11-12 14:06:27 [INFO]: Payload constructed successfully: %o
2024-11-12 14:06:27 [INFO]: GET request received for creating a roulette game
2024-11-12 14:06:27 [INFO]: Payload constructed successfully: %o
2024-11-12 14:27:49 [INFO]: GET request received for creating a roulette game
2024-11-12 14:27:49 [INFO]: Payload constructed successfully: %o
2024-11-12 14:27:49 [INFO]: GET request received for creating a roulette game
2024-11-12 14:27:49 [INFO]: Payload constructed successfully: %o
2024-11-12 14:27:58 [INFO]: Account PublicKey validated: 6264vVvtWg8CqBRegBt83ttcPPK61LurXNs7cqF56Gf5
2024-11-12 14:27:58 [INFO]: [createTransaction] Sending SOL tx with body: 
    [accountPublicKey: 6264vVvtWg8CqBRegBt83ttcPPK61LurXNs7cqF56Gf5, 
    gameWalletPublicKey: 6yaxBaZMnkhiP7NHgZzweUjHE1wcsVy2nxWo3VMSLKNE,
    currency: SOL,
    amount: 0.001,
    cluster: https://api.devnet.solana.com,
    ]
2024-11-12 14:27:58 [INFO]: Redirecting to next action at: /api/actions/create-game/next-action?name=Lets play!!&wager=0.001
2024-11-12 14:27:58 [INFO]: Response payload created successfully
2024-11-12 14:28:57 [INFO]: Account PublicKey validated: 6264vVvtWg8CqBRegBt83ttcPPK61LurXNs7cqF56Gf5
2024-11-12 14:28:57 [INFO]: [createTransaction] Sending SOL tx with body: 
    [accountPublicKey: 6264vVvtWg8CqBRegBt83ttcPPK61LurXNs7cqF56Gf5, 
    gameWalletPublicKey: 6yaxBaZMnkhiP7NHgZzweUjHE1wcsVy2nxWo3VMSLKNE,
    currency: SOL,
    amount: 0.4,
    cluster: https://api.devnet.solana.com,
    ]
2024-11-12 14:29:02 [INFO]: Redirecting to next action at: /api/actions/create-game/next-action?name=Lets play!!&wager=0.4
2024-11-12 14:29:02 [INFO]: Response payload created successfully
2024-11-12 14:41:32 [INFO]: GET request received for QWERTY
2024-11-12 14:41:32 [INFO]: Payload constructed successfully: %o
2024-11-12 14:41:32 [INFO]: GET request received for QWERTY
2024-11-12 14:41:32 [INFO]: Payload constructed successfully: %o
2024-11-12 14:42:02 [INFO]: Account PublicKey validated: 6264vVvtWg8CqBRegBt83ttcPPK61LurXNs7cqF56Gf5
2024-11-12 14:42:02 [INFO]: [createTransaction] Sending SOL tx with body: 
    [accountPublicKey: 6264vVvtWg8CqBRegBt83ttcPPK61LurXNs7cqF56Gf5, 
    gameWalletPublicKey: 6yaxBaZMnkhiP7NHgZzweUjHE1wcsVy2nxWo3VMSLKNE,
    currency: SOL,
    amount: 0.001,
    cluster: https://api.devnet.solana.com,
    ]
2024-11-12 14:42:09 [INFO]: Redirecting to next action at: /api/actions/create-game/next-action?name=Lets play!!&wager=0.001
2024-11-12 14:42:09 [INFO]: Response payload created successfully
2024-11-12 14:42:18 [INFO]: [Create QWERTY next action] final response: Your QWERTY game has been created successfully! Join using blink: [https://dial.to/?action=solana-action%3Ahttps%3A%2F%2Froulette.nixblack.site%2Fapi%2Factions%2Fjoin-roulette%3FgameId%3D44%26name%3D44]
2024-11-12 15:11:44 [INFO]: GET request received for QWERTY
2024-11-12 15:11:44 [INFO]: Payload constructed successfully: %o
2024-11-12 15:11:44 [INFO]: GET request received for QWERTY
2024-11-12 15:11:44 [INFO]: Payload constructed successfully: %o
2024-11-12 15:11:51 [INFO]: Account PublicKey validated: 6264vVvtWg8CqBRegBt83ttcPPK61LurXNs7cqF56Gf5
2024-11-12 15:11:51 [INFO]: [createTransaction] Sending SOL tx with body: 
    [accountPublicKey: 6264vVvtWg8CqBRegBt83ttcPPK61LurXNs7cqF56Gf5, 
    gameWalletPublicKey: 6yaxBaZMnkhiP7NHgZzweUjHE1wcsVy2nxWo3VMSLKNE,
    currency: SOL,
    amount: 0.001,
    cluster: https://api.devnet.solana.com,
    ]
2024-11-12 15:11:56 [INFO]: Redirecting to next action at: /api/actions/create-game/next-action?name=test chal&wager=0.001
2024-11-12 15:11:56 [INFO]: Response payload created successfully
2024-11-12 15:12:11 [INFO]: Creating a new QWERTY game in the database: %o
2024-11-12 15:12:11 [ERROR]: Error creating roulette game in MongoDB: %s
2024-11-12 15:12:11 [ERROR]: Error in creating game
2024-11-12 15:14:59 [INFO]: GET request received for QWERTY
2024-11-12 15:14:59 [INFO]: Payload constructed successfully: %o
2024-11-12 15:14:59 [INFO]: GET request received for QWERTY
2024-11-12 15:14:59 [INFO]: Payload constructed successfully: %o
2024-11-12 15:15:10 [INFO]: Account PublicKey validated: 6264vVvtWg8CqBRegBt83ttcPPK61LurXNs7cqF56Gf5
2024-11-12 15:15:10 [INFO]: [createTransaction] Sending SOL tx with body: 
    [accountPublicKey: 6264vVvtWg8CqBRegBt83ttcPPK61LurXNs7cqF56Gf5, 
    gameWalletPublicKey: 6yaxBaZMnkhiP7NHgZzweUjHE1wcsVy2nxWo3VMSLKNE,
    currency: SOL,
    amount: 0.001,
    cluster: https://api.devnet.solana.com,
    ]
2024-11-12 15:15:11 [INFO]: Redirecting to next action at: /api/actions/create-game/next-action?name=game try&wager=0.001
2024-11-12 15:15:11 [INFO]: Response payload created successfully
2024-11-12 15:15:38 [INFO]: Creating a new QWERTY game in the database: [object Object]
2024-11-12 15:15:38 [ERROR]: Error creating roulette game in MongoDB: TypeError: _models_QWERTY__WEBPACK_IMPORTED_MODULE_2__.default is not a constructor
2024-11-12 15:15:38 [ERROR]: Error in creating game
2024-11-12 15:17:09 [INFO]: GET request received for QWERTY
2024-11-12 15:17:09 [INFO]: Payload constructed successfully: %o
2024-11-12 15:17:09 [INFO]: GET request received for QWERTY
2024-11-12 15:17:09 [INFO]: Payload constructed successfully: %o
2024-11-12 15:17:14 [INFO]: Account PublicKey validated: 6264vVvtWg8CqBRegBt83ttcPPK61LurXNs7cqF56Gf5
2024-11-12 15:17:14 [INFO]: [createTransaction] Sending SOL tx with body: 
    [accountPublicKey: 6264vVvtWg8CqBRegBt83ttcPPK61LurXNs7cqF56Gf5, 
    gameWalletPublicKey: 6yaxBaZMnkhiP7NHgZzweUjHE1wcsVy2nxWo3VMSLKNE,
    currency: SOL,
    amount: 0.001,
    cluster: https://api.devnet.solana.com,
    ]
2024-11-12 15:17:21 [INFO]: Redirecting to next action at: /api/actions/create-game/next-action?name=tetet&wager=0.001
2024-11-12 15:17:21 [INFO]: Response payload created successfully
2024-11-12 15:17:36 [INFO]: Creating a new QWERTY game in the database:
2024-11-12 15:17:36 [INFO]: [object Object]
2024-11-12 15:17:36 [ERROR]: Error creating roulette game in MongoDB: TypeError: _models_QWERTY__WEBPACK_IMPORTED_MODULE_2__.default is not a constructor
2024-11-12 15:17:36 [ERROR]: Error in creating game!!
2024-11-12 15:18:10 [INFO]: GET request received for QWERTY
2024-11-12 15:18:10 [INFO]: Payload constructed successfully: %o
2024-11-12 15:18:10 [INFO]: GET request received for QWERTY
2024-11-12 15:18:10 [INFO]: Payload constructed successfully: %o
2024-11-12 15:18:17 [INFO]: Account PublicKey validated: 6264vVvtWg8CqBRegBt83ttcPPK61LurXNs7cqF56Gf5
2024-11-12 15:18:17 [INFO]: [createTransaction] Sending SOL tx with body: 
    [accountPublicKey: 6264vVvtWg8CqBRegBt83ttcPPK61LurXNs7cqF56Gf5, 
    gameWalletPublicKey: 6yaxBaZMnkhiP7NHgZzweUjHE1wcsVy2nxWo3VMSLKNE,
    currency: SOL,
    amount: 0.001,
    cluster: https://api.devnet.solana.com,
    ]
2024-11-12 15:18:17 [INFO]: Redirecting to next action at: /api/actions/create-game/next-action?name=fgfg&wager=0.001
2024-11-12 15:18:17 [INFO]: Response payload created successfully
2024-11-12 15:18:32 [INFO]: Creating a new QWERTY game in the database:
2024-11-12 15:18:32 [ERROR]: Error creating roulette game in MongoDB: TypeError: _models_QWERTY__WEBPACK_IMPORTED_MODULE_2__.default is not a constructor
2024-11-12 15:18:32 [ERROR]: Error in creating game!!
2024-11-12 15:21:08 [INFO]: GET request received for QWERTY
2024-11-12 15:21:08 [INFO]: Payload constructed successfully: %o
2024-11-12 15:21:09 [INFO]: GET request received for QWERTY
2024-11-12 15:21:09 [INFO]: Payload constructed successfully: %o
2024-11-12 15:21:14 [INFO]: Account PublicKey validated: 6264vVvtWg8CqBRegBt83ttcPPK61LurXNs7cqF56Gf5
2024-11-12 15:21:14 [INFO]: [createTransaction] Sending SOL tx with body: 
    [accountPublicKey: 6264vVvtWg8CqBRegBt83ttcPPK61LurXNs7cqF56Gf5, 
    gameWalletPublicKey: 6yaxBaZMnkhiP7NHgZzweUjHE1wcsVy2nxWo3VMSLKNE,
    currency: SOL,
    amount: 0.001,
    cluster: https://api.devnet.solana.com,
    ]
2024-11-12 15:21:14 [INFO]: Redirecting to next action at: /api/actions/create-game/next-action?name=hhghg&wager=0.001
2024-11-12 15:21:14 [INFO]: Response payload created successfully
2024-11-12 15:21:26 [INFO]: Creating a new QWERTY game in the database:
2024-11-12 15:21:27 [INFO]: QWERTY game created successfully with ID: 6733251e33fccfe496d93505
2024-11-12 15:21:27 [INFO]: [Create QWERTY next action] final response: Share your link so others can join: [http://localhost:3000/api/actions/join-game?gameID=6733251e33fccfe496d93505&name=hhghg
2024-11-12 15:23:49 [INFO]: GET request received for QWERTY
2024-11-12 15:23:49 [INFO]: Payload constructed successfully: %o
2024-11-12 15:23:49 [INFO]: GET request received for QWERTY
2024-11-12 15:23:49 [INFO]: Payload constructed successfully: %o
2024-11-12 15:23:55 [INFO]: Account PublicKey validated: 6264vVvtWg8CqBRegBt83ttcPPK61LurXNs7cqF56Gf5
2024-11-12 15:23:55 [INFO]: [createTransaction] Sending SOL tx with body: 
    [accountPublicKey: 6264vVvtWg8CqBRegBt83ttcPPK61LurXNs7cqF56Gf5, 
    gameWalletPublicKey: 6yaxBaZMnkhiP7NHgZzweUjHE1wcsVy2nxWo3VMSLKNE,
    currency: SOL,
    amount: 0.001,
    cluster: https://api.devnet.solana.com,
    ]
2024-11-12 15:23:55 [INFO]: Redirecting to next action at: /api/actions/create-game/next-action?name=test&wager=0.001
2024-11-12 15:23:55 [INFO]: Response payload created successfully
2024-11-12 15:24:10 [INFO]: Creating a new QWERTY game in the database:
2024-11-12 15:24:10 [INFO]: QWERTY game created successfully with ID: 673325c233fccfe496d93507
2024-11-12 15:24:10 [INFO]: [Create QWERTY next action] final response: Share your link so others can join: [http://localhost:3000/api/actions/join-game?gameID=673325c233fccfe496d93507&name=test
2024-11-12 15:24:41 [INFO]: GET request received for QWERTY
2024-11-12 15:24:41 [INFO]: Payload constructed successfully: %o
2024-11-12 15:24:41 [INFO]: GET request received for QWERTY
2024-11-12 15:24:41 [INFO]: Payload constructed successfully: %o
2024-11-12 15:24:48 [INFO]: Account PublicKey validated: 6264vVvtWg8CqBRegBt83ttcPPK61LurXNs7cqF56Gf5
2024-11-12 15:24:48 [INFO]: [createTransaction] Sending SOL tx with body: 
    [accountPublicKey: 6264vVvtWg8CqBRegBt83ttcPPK61LurXNs7cqF56Gf5, 
    gameWalletPublicKey: 6yaxBaZMnkhiP7NHgZzweUjHE1wcsVy2nxWo3VMSLKNE,
    currency: SOL,
    amount: 0.001,
    cluster: https://api.devnet.solana.com,
    ]
2024-11-12 15:24:49 [INFO]: Redirecting to next action at: /api/actions/create-game/next-action?name=ghgh&wager=0.001
2024-11-12 15:24:49 [INFO]: Response payload created successfully
2024-11-12 15:25:17 [INFO]: Creating a new QWERTY game in the database:
2024-11-12 15:25:17 [INFO]: QWERTY game created successfully with ID: 673326051ee7bdd506dbb17c
2024-11-12 15:25:17 [INFO]: [Create QWERTY next action] final response: Share your link so others can join: [http://localhost:3000/api/actions/join-game?gameID=673326051ee7bdd506dbb17c&name=ghgh
2024-11-12 16:44:22 [INFO]: GET request received for QWERTY
2024-11-12 16:44:22 [INFO]: Payload constructed successfully: %o
2024-11-12 16:44:22 [INFO]: GET request received for QWERTY
2024-11-12 16:44:22 [INFO]: Payload constructed successfully: %o
2024-11-12 16:44:31 [INFO]: GET request received for QWERTY
2024-11-12 16:44:31 [INFO]: Payload constructed successfully: %o
2024-11-12 16:44:31 [INFO]: GET request received for QWERTY
2024-11-12 16:44:31 [INFO]: Payload constructed successfully: %o
2024-11-12 16:44:31 [INFO]: GET request received for QWERTY
2024-11-12 16:44:31 [INFO]: Payload constructed successfully: %o
2024-11-12 16:44:32 [INFO]: GET request received for QWERTY
2024-11-12 16:44:32 [INFO]: Payload constructed successfully: %o
2024-11-12 16:44:32 [INFO]: GET request received for QWERTY
2024-11-12 16:44:32 [INFO]: Payload constructed successfully: %o
2024-11-12 16:44:32 [INFO]: GET request received for QWERTY
2024-11-12 16:44:32 [INFO]: Payload constructed successfully: %o
2024-11-12 16:44:33 [INFO]: GET request received for QWERTY
2024-11-12 16:44:33 [INFO]: Payload constructed successfully: %o
2024-11-12 16:44:33 [INFO]: GET request received for QWERTY
2024-11-12 16:44:33 [INFO]: Payload constructed successfully: %o
2024-11-12 16:44:33 [INFO]: GET request received for QWERTY
2024-11-12 16:44:33 [INFO]: Payload constructed successfully: %o
2024-11-12 16:44:34 [INFO]: GET request received for QWERTY
2024-11-12 16:44:34 [INFO]: Payload constructed successfully: %o
2024-11-12 16:44:34 [INFO]: GET request received for QWERTY
2024-11-12 16:44:34 [INFO]: Payload constructed successfully: %o
2024-11-12 16:44:34 [INFO]: GET request received for QWERTY
2024-11-12 16:44:34 [INFO]: Payload constructed successfully: %o
2024-11-12 16:45:13 [INFO]: GET request received for QWERTY
2024-11-12 16:45:13 [INFO]: Payload constructed successfully: %o
2024-11-12 16:45:13 [INFO]: GET request received for QWERTY
2024-11-12 16:45:13 [INFO]: Payload constructed successfully: %o
2024-11-12 16:45:13 [INFO]: GET request received for QWERTY
2024-11-12 16:45:13 [INFO]: Payload constructed successfully: %o
2024-11-12 16:45:15 [INFO]: GET request received for QWERTY
2024-11-12 16:45:15 [INFO]: Payload constructed successfully: %o
2024-11-12 16:45:15 [INFO]: GET request received for QWERTY
2024-11-12 16:45:15 [INFO]: Payload constructed successfully: %o
2024-11-12 16:45:15 [INFO]: GET request received for QWERTY
2024-11-12 16:45:15 [INFO]: Payload constructed successfully: %o
2024-11-12 16:45:18 [INFO]: GET request received for QWERTY
2024-11-12 16:45:18 [INFO]: Payload constructed successfully: %o
2024-11-12 16:45:18 [INFO]: GET request received for QWERTY
2024-11-12 16:45:18 [INFO]: Payload constructed successfully: %o
2024-11-12 16:45:18 [INFO]: GET request received for QWERTY
2024-11-12 16:45:18 [INFO]: Payload constructed successfully: %o
2024-11-12 16:45:20 [INFO]: GET request received for QWERTY
2024-11-12 16:45:20 [INFO]: Payload constructed successfully: %o
2024-11-12 16:45:20 [INFO]: GET request received for QWERTY
2024-11-12 16:45:20 [INFO]: Payload constructed successfully: %o
2024-11-12 16:45:20 [INFO]: GET request received for QWERTY
2024-11-12 16:45:20 [INFO]: Payload constructed successfully: %o
2024-11-12 16:45:28 [INFO]: GET request received for QWERTY
2024-11-12 16:45:28 [INFO]: Payload constructed successfully: %o
2024-11-12 16:45:28 [INFO]: GET request received for QWERTY
2024-11-12 16:45:28 [INFO]: Payload constructed successfully: %o
2024-11-12 16:45:28 [INFO]: GET request received for QWERTY
2024-11-12 16:45:28 [INFO]: Payload constructed successfully: %o
2024-11-12 16:45:30 [INFO]: GET request received for QWERTY
2024-11-12 16:45:30 [INFO]: Payload constructed successfully: %o
2024-11-12 16:45:30 [INFO]: GET request received for QWERTY
2024-11-12 16:45:30 [INFO]: Payload constructed successfully: %o
2024-11-12 16:49:13 [INFO]: GET request received for QWERTY
2024-11-12 16:49:45 [INFO]: GET request received for join QWERTY
2024-11-12 16:50:03 [INFO]: GET request received for join QWERTY
2024-11-12 16:50:04 [INFO]: GET request received for join QWERTY
2024-11-12 16:50:04 [INFO]: Payload constructed successfully: %o
2024-11-12 16:50:09 [INFO]: GET request received for join QWERTY
2024-11-12 16:50:09 [INFO]: Payload constructed successfully: %o
2024-11-12 16:50:09 [INFO]: GET request received for join QWERTY
2024-11-12 16:50:09 [INFO]: Payload constructed successfully: %o
2024-11-12 16:50:43 [INFO]: GET request received for join QWERTY
2024-11-12 16:50:43 [INFO]: Payload constructed successfully: %o
2024-11-12 16:50:43 [INFO]: GET request received for join QWERTY
2024-11-12 16:50:43 [INFO]: Payload constructed successfully: %o
2024-11-12 16:52:30 [INFO]: GET request received for join QWERTY
2024-11-12 16:52:30 [INFO]: Payload constructed successfully: %o
2024-11-12 16:52:30 [INFO]: GET request received for join QWERTY
2024-11-12 16:52:30 [INFO]: Payload constructed successfully: %o
