2024-11-12 15:12:11 [ERROR]: Error creating roulette game in MongoDB: %s
2024-11-12 15:12:11 [ERROR]: Error in creating game
2024-11-12 15:15:38 [ERROR]: Error creating roulette game in MongoDB: TypeError: _models_QWERTY__WEBPACK_IMPORTED_MODULE_2__.default is not a constructor
2024-11-12 15:15:38 [ERROR]: Error in creating game
2024-11-12 15:17:36 [ERROR]: Error creating roulette game in MongoDB: TypeError: _models_QWERTY__WEBPACK_IMPORTED_MODULE_2__.default is not a constructor
2024-11-12 15:17:36 [ERROR]: Error in creating game!!
2024-11-12 15:18:32 [ERROR]: Error creating roulette game in MongoDB: TypeError: _models_QWERTY__WEBPACK_IMPORTED_MODULE_2__.default is not a constructor
2024-11-12 15:18:32 [ERROR]: Error in creating game!!
2024-11-12 17:32:17 [ERROR]: An error occurred in GET handler: %s
2024-11-12 17:33:11 [ERROR]: An error occurred in GET handler: %s
2024-11-12 17:33:57 [ERROR]: An error occurred in GET handler: Error: Player 1 has not played yet!
2024-11-12 17:35:38 [ERROR]: Game with ID 673326051ee7bdd506dbb17c not found
2024-11-12 17:35:38 [ERROR]: An error occurred in GET handler: Error: Error in fetching game, no such game!
2024-11-12 17:35:39 [ERROR]: Game with ID 673326051ee7bdd506dbb17c not found
2024-11-12 17:35:39 [ERROR]: An error occurred in GET handler: Error: Error in fetching game, no such game!
2024-11-12 18:20:16 [ERROR]: An error occurred in POST handler: failed to get recent blockhash: TypeError: fetch failed
2024-11-13 20:07:34 [ERROR]: An error occurred in GET handler: Error: Player 1 has not played yet!
2024-11-13 20:07:49 [ERROR]: An error occurred in GET handler: Error: Player 1 has not played yet!
2024-11-13 20:07:58 [ERROR]: An error occurred in GET handler: Error: Player 1 has not played yet!
2024-11-13 20:08:08 [ERROR]: An error occurred in GET handler: Error: Player 1 has not played yet!
2024-11-14 17:46:20 [ERROR]: Game with ID 6734b9a9ff5ef877489cbdff not found
2024-11-14 17:47:38 [ERROR]: Game with ID 6734b9a9ff5ef877489cbdff not found
2024-11-14 18:17:31 [ERROR]: Error fetching QWERTY game: CastError: Cast to ObjectId failed for value "6735eb3bfd40631aa050dce" (type string) at path "_id" for model "QWERTYGame"
2024-11-14 18:18:02 [ERROR]: Error fetching QWERTY game: CastError: Cast to ObjectId failed for value "6735eb3bfd40631aa050dce" (type string) at path "_id" for model "QWERTYGame"
